<?xml version="1.0" encoding="UTF-8"?>
<testsuite xmlns:xsi="http://www.w3.org/2001/XMLSchema-instance" xsi:noNamespaceSchemaLocation="https://maven.apache.org/surefire/maven-surefire-plugin/xsd/surefire-test-report.xsd" name="com.mulesoft.training.HelloMavenTest" time="0.724" tests="2" errors="2" skipped="0" failures="0">
  <properties>
[...]
</properties>
  <testcase name="mavenFlowReturnsHelloMaven" classname="com.mulesoft.training.HelloMavenTest" time="0.08">
    <error message="maven-project.xml (java.io.FileNotFoundException)" type="org.mule.api.config.ConfigurationException">org.mule.api.config.ConfigurationException: maven-project.xml (java.io.FileNotFoundException)
Caused by: java.io.FileNotFoundException: maven-project.xml
</error>
    <system-out><![CDATA[
================================================================================
= Testing: mavenFlowReturnsHelloMaven                                          =
================================================================================
]]></system-out>
  </testcase>
  <testcase name="retrieveFlightsAddsAppropriateHeader" classname="com.mulesoft.training.HelloMavenTest" time="0.004">
    <error message="maven-project.xml (java.io.FileNotFoundException)" type="org.mule.api.config.ConfigurationException">org.mule.api.config.ConfigurationException: maven-project.xml (java.io.FileNotFoundException)
Caused by: java.io.FileNotFoundException: maven-project.xml
</error>
    <system-out><![CDATA[
================================================================================
= Testing: retrieveFlightsAddsAppropriateHeader                                =
================================================================================
]]></system-out>
  </testcase>
</testsuite>